Multivariate ld-score regression of 7 traits (/Users/jakz/Documents/local_db/JZ_GED_PHD_ADMIN_GENERAL/data.sumstats.mungedNoMHC/ALCD03_noMHC.sumstats.gz /Users/jakz/Documents/local_db/JZ_GED_PHD_ADMIN_GENERAL/data.sumstats.mungedNoMHC/ANXI03_noMHC.sumstats.gz /Users/jakz/Documents/local_db/JZ_GED_PHD_ADMIN_GENERAL/data.sumstats.mungedNoMHC/DEPR05_noMHC.sumstats.gz /Users/jakz/Documents/local_db/JZ_GED_PHD_ADMIN_GENERAL/data.sumstats.mungedNoMHC/HEAL01_noMHC.sumstats.gz /Users/jakz/Documents/local_db/JZ_GED_PHD_ADMIN_GENERAL/data.sumstats.mungedNoMHC/NEUR01_noMHC.sumstats.gz /Users/jakz/Documents/local_db/JZ_GED_PHD_ADMIN_GENERAL/data.sumstats.mungedNoMHC/SUBJ01_noMHC.sumstats.gz /Users/jakz/Documents/local_db/JZ_GED_PHD_ADMIN_GENERAL/data.sumstats.mungedNoMHC/TIRE01_noMHC.sumstats.gz) began at: 2021-03-15 11:40:10
Reading in LD scores
Read in summary statistics [1/7] from: /Users/jakz/Documents/local_db/JZ_GED_PHD_ADMIN_GENERAL/data.sumstats.mungedNoMHC/ALCD03_noMHC.sumstats.gz
Out of 1099546 SNPs, 1098301 remain after merging with LD-score files
Removing 0 SNPs with Chi^2 > 80; 1098301 remain
Read in summary statistics [2/7] from: /Users/jakz/Documents/local_db/JZ_GED_PHD_ADMIN_GENERAL/data.sumstats.mungedNoMHC/ANXI03_noMHC.sumstats.gz
Out of 1188600 SNPs, 1179265 remain after merging with LD-score files
Removing 0 SNPs with Chi^2 > 83.566; 1179265 remain
Read in summary statistics [3/7] from: /Users/jakz/Documents/local_db/JZ_GED_PHD_ADMIN_GENERAL/data.sumstats.mungedNoMHC/DEPR05_noMHC.sumstats.gz
Out of 1201008 SNPs, 1181567 remain after merging with LD-score files
Removing 0 SNPs with Chi^2 > 80; 1181567 remain
Read in summary statistics [4/7] from: /Users/jakz/Documents/local_db/JZ_GED_PHD_ADMIN_GENERAL/data.sumstats.mungedNoMHC/HEAL01_noMHC.sumstats.gz
Out of 1199713 SNPs, 1179028 remain after merging with LD-score files
Removing 0 SNPs with Chi^2 > 111.483; 1179028 remain
Read in summary statistics [5/7] from: /Users/jakz/Documents/local_db/JZ_GED_PHD_ADMIN_GENERAL/data.sumstats.mungedNoMHC/NEUR01_noMHC.sumstats.gz
Out of 1124490 SNPs, 1124490 remain after merging with LD-score files
Removing 0 SNPs with Chi^2 > 170.911; 1124490 remain
Read in summary statistics [6/7] from: /Users/jakz/Documents/local_db/JZ_GED_PHD_ADMIN_GENERAL/data.sumstats.mungedNoMHC/SUBJ01_noMHC.sumstats.gz
Out of 1017956 SNPs, 1017956 remain after merging with LD-score files
Removing 0 SNPs with Chi^2 > 298.42; 1017956 remain
Read in summary statistics [7/7] from: /Users/jakz/Documents/local_db/JZ_GED_PHD_ADMIN_GENERAL/data.sumstats.mungedNoMHC/TIRE01_noMHC.sumstats.gz
Out of 1199724 SNPs, 1179030 remain after merging with LD-score files
Removing 0 SNPs with Chi^2 > 108.976; 1179030 remain
          
Estimating heritability [1/28] for: /Users/jakz/Documents/local_db/JZ_GED_PHD_ADMIN_GENERAL/data.sumstats.mungedNoMHC/ALCD03_noMHC.sumstats.gz
     
Please note that the results initially printed to the screen and log file reflect the NON-liability h2 and cov_g. However, a liability conversion is being used for trait /Users/jakz/Documents/local_db/JZ_GED_PHD_ADMIN_GENERAL/data.sumstats.mungedNoMHC/ALCD03_noMHC.sumstats.gz when creating the genetic covariance matrix used as input for Genomic SEM and liability scale results are printed at the end of the log file.
     
Heritability Results for trait: /Users/jakz/Documents/local_db/JZ_GED_PHD_ADMIN_GENERAL/data.sumstats.mungedNoMHC/ALCD03_noMHC.sumstats.gz
Mean Chi^2 across remaining SNPs: 1.0672
Lambda GC: 1.0709
Intercept: 1.0178 (0.0067)
Ratio: 0.2653 (0.1004)
Total Observed Scale h2: 0.0574 (0.011)
h2 Z: 5.2057473
     
Calculating genetic covariance [2/28] for traits: /Users/jakz/Documents/local_db/JZ_GED_PHD_ADMIN_GENERAL/data.sumstats.mungedNoMHC/ALCD03_noMHC.sumstats.gz and /Users/jakz/Documents/local_db/JZ_GED_PHD_ADMIN_GENERAL/data.sumstats.mungedNoMHC/ANXI03_noMHC.sumstats.gz
1097113 SNPs remain after merging /Users/jakz/Documents/local_db/JZ_GED_PHD_ADMIN_GENERAL/data.sumstats.mungedNoMHC/ALCD03_noMHC.sumstats.gz and /Users/jakz/Documents/local_db/JZ_GED_PHD_ADMIN_GENERAL/data.sumstats.mungedNoMHC/ANXI03_noMHC.sumstats.gz summary statistics
Results for genetic covariance between: /Users/jakz/Documents/local_db/JZ_GED_PHD_ADMIN_GENERAL/data.sumstats.mungedNoMHC/ALCD03_noMHC.sumstats.gz and /Users/jakz/Documents/local_db/JZ_GED_PHD_ADMIN_GENERAL/data.sumstats.mungedNoMHC/ANXI03_noMHC.sumstats.gz
Mean Z*Z: 0.0467
Cross trait Intercept: -3e-04 (0.0051)
Total Observed Scale Genetic Covariance (g_cov): 0.0392 (0.0069)
g_cov Z: 5.6768173
g_cov P-value: 1.3722e-08
     
Calculating genetic covariance [3/28] for traits: /Users/jakz/Documents/local_db/JZ_GED_PHD_ADMIN_GENERAL/data.sumstats.mungedNoMHC/ALCD03_noMHC.sumstats.gz and /Users/jakz/Documents/local_db/JZ_GED_PHD_ADMIN_GENERAL/data.sumstats.mungedNoMHC/DEPR05_noMHC.sumstats.gz
1098285 SNPs remain after merging /Users/jakz/Documents/local_db/JZ_GED_PHD_ADMIN_GENERAL/data.sumstats.mungedNoMHC/ALCD03_noMHC.sumstats.gz and /Users/jakz/Documents/local_db/JZ_GED_PHD_ADMIN_GENERAL/data.sumstats.mungedNoMHC/DEPR05_noMHC.sumstats.gz summary statistics
Results for genetic covariance between: /Users/jakz/Documents/local_db/JZ_GED_PHD_ADMIN_GENERAL/data.sumstats.mungedNoMHC/ALCD03_noMHC.sumstats.gz and /Users/jakz/Documents/local_db/JZ_GED_PHD_ADMIN_GENERAL/data.sumstats.mungedNoMHC/DEPR05_noMHC.sumstats.gz
Mean Z*Z: 0.1068
Cross trait Intercept: 0.0674 (0.0057)
Total Observed Scale Genetic Covariance (g_cov): 0.0449 (0.0101)
g_cov Z: 4.46793
g_cov P-value: 7.8991e-06
     
Calculating genetic covariance [4/28] for traits: /Users/jakz/Documents/local_db/JZ_GED_PHD_ADMIN_GENERAL/data.sumstats.mungedNoMHC/ALCD03_noMHC.sumstats.gz and /Users/jakz/Documents/local_db/JZ_GED_PHD_ADMIN_GENERAL/data.sumstats.mungedNoMHC/HEAL01_noMHC.sumstats.gz
1095244 SNPs remain after merging /Users/jakz/Documents/local_db/JZ_GED_PHD_ADMIN_GENERAL/data.sumstats.mungedNoMHC/ALCD03_noMHC.sumstats.gz and /Users/jakz/Documents/local_db/JZ_GED_PHD_ADMIN_GENERAL/data.sumstats.mungedNoMHC/HEAL01_noMHC.sumstats.gz summary statistics
Results for genetic covariance between: /Users/jakz/Documents/local_db/JZ_GED_PHD_ADMIN_GENERAL/data.sumstats.mungedNoMHC/ALCD03_noMHC.sumstats.gz and /Users/jakz/Documents/local_db/JZ_GED_PHD_ADMIN_GENERAL/data.sumstats.mungedNoMHC/HEAL01_noMHC.sumstats.gz
Mean Z*Z: -0.0545
Cross trait Intercept: 0.0021 (0.0058)
Total Observed Scale Genetic Covariance (g_cov): -0.0401 (0.0063)
g_cov Z: -6.3555433
g_cov P-value: 2.0769e-10
     
Calculating genetic covariance [5/28] for traits: /Users/jakz/Documents/local_db/JZ_GED_PHD_ADMIN_GENERAL/data.sumstats.mungedNoMHC/ALCD03_noMHC.sumstats.gz and /Users/jakz/Documents/local_db/JZ_GED_PHD_ADMIN_GENERAL/data.sumstats.mungedNoMHC/NEUR01_noMHC.sumstats.gz
1059932 SNPs remain after merging /Users/jakz/Documents/local_db/JZ_GED_PHD_ADMIN_GENERAL/data.sumstats.mungedNoMHC/ALCD03_noMHC.sumstats.gz and /Users/jakz/Documents/local_db/JZ_GED_PHD_ADMIN_GENERAL/data.sumstats.mungedNoMHC/NEUR01_noMHC.sumstats.gz summary statistics
Results for genetic covariance between: /Users/jakz/Documents/local_db/JZ_GED_PHD_ADMIN_GENERAL/data.sumstats.mungedNoMHC/ALCD03_noMHC.sumstats.gz and /Users/jakz/Documents/local_db/JZ_GED_PHD_ADMIN_GENERAL/data.sumstats.mungedNoMHC/NEUR01_noMHC.sumstats.gz
Mean Z*Z: 0.0694
Cross trait Intercept: 0.0187 (0.0064)
Total Observed Scale Genetic Covariance (g_cov): 0.0297 (0.0057)
g_cov Z: 5.219823
g_cov P-value: 1.791e-07
     
Calculating genetic covariance [6/28] for traits: /Users/jakz/Documents/local_db/JZ_GED_PHD_ADMIN_GENERAL/data.sumstats.mungedNoMHC/ALCD03_noMHC.sumstats.gz and /Users/jakz/Documents/local_db/JZ_GED_PHD_ADMIN_GENERAL/data.sumstats.mungedNoMHC/SUBJ01_noMHC.sumstats.gz
968673 SNPs remain after merging /Users/jakz/Documents/local_db/JZ_GED_PHD_ADMIN_GENERAL/data.sumstats.mungedNoMHC/ALCD03_noMHC.sumstats.gz and /Users/jakz/Documents/local_db/JZ_GED_PHD_ADMIN_GENERAL/data.sumstats.mungedNoMHC/SUBJ01_noMHC.sumstats.gz summary statistics
Results for genetic covariance between: /Users/jakz/Documents/local_db/JZ_GED_PHD_ADMIN_GENERAL/data.sumstats.mungedNoMHC/ALCD03_noMHC.sumstats.gz and /Users/jakz/Documents/local_db/JZ_GED_PHD_ADMIN_GENERAL/data.sumstats.mungedNoMHC/SUBJ01_noMHC.sumstats.gz
Mean Z*Z: -0.0498
Cross trait Intercept: -0.0101 (0.0053)
Total Observed Scale Genetic Covariance (g_cov): -0.017 (0.0032)
g_cov Z: -5.3460653
g_cov P-value: 8.9887e-08
     
Calculating genetic covariance [7/28] for traits: /Users/jakz/Documents/local_db/JZ_GED_PHD_ADMIN_GENERAL/data.sumstats.mungedNoMHC/ALCD03_noMHC.sumstats.gz and /Users/jakz/Documents/local_db/JZ_GED_PHD_ADMIN_GENERAL/data.sumstats.mungedNoMHC/TIRE01_noMHC.sumstats.gz
1095244 SNPs remain after merging /Users/jakz/Documents/local_db/JZ_GED_PHD_ADMIN_GENERAL/data.sumstats.mungedNoMHC/ALCD03_noMHC.sumstats.gz and /Users/jakz/Documents/local_db/JZ_GED_PHD_ADMIN_GENERAL/data.sumstats.mungedNoMHC/TIRE01_noMHC.sumstats.gz summary statistics
Results for genetic covariance between: /Users/jakz/Documents/local_db/JZ_GED_PHD_ADMIN_GENERAL/data.sumstats.mungedNoMHC/ALCD03_noMHC.sumstats.gz and /Users/jakz/Documents/local_db/JZ_GED_PHD_ADMIN_GENERAL/data.sumstats.mungedNoMHC/TIRE01_noMHC.sumstats.gz
Mean Z*Z: 0.0426
Cross trait Intercept: -0.0016 (0.0048)
Total Observed Scale Genetic Covariance (g_cov): 0.0315 (0.0053)
g_cov Z: 5.8876533
g_cov P-value: 3.9172e-09
          
Estimating heritability [8/28] for: /Users/jakz/Documents/local_db/JZ_GED_PHD_ADMIN_GENERAL/data.sumstats.mungedNoMHC/ANXI03_noMHC.sumstats.gz
     
Please note that the results initially printed to the screen and log file reflect the NON-liability h2 and cov_g. However, a liability conversion is being used for trait /Users/jakz/Documents/local_db/JZ_GED_PHD_ADMIN_GENERAL/data.sumstats.mungedNoMHC/ANXI03_noMHC.sumstats.gz when creating the genetic covariance matrix used as input for Genomic SEM and liability scale results are printed at the end of the log file.
     
Heritability Results for trait: /Users/jakz/Documents/local_db/JZ_GED_PHD_ADMIN_GENERAL/data.sumstats.mungedNoMHC/ANXI03_noMHC.sumstats.gz
Mean Chi^2 across remaining SNPs: 1.1592
Lambda GC: 1.1427
Intercept: 0.9892 (0.007)
Ratio: -0.0678 (0.044)
Total Observed Scale h2: 0.1045 (0.0069)
h2 Z: 15.231923
     
Calculating genetic covariance [9/28] for traits: /Users/jakz/Documents/local_db/JZ_GED_PHD_ADMIN_GENERAL/data.sumstats.mungedNoMHC/ANXI03_noMHC.sumstats.gz and /Users/jakz/Documents/local_db/JZ_GED_PHD_ADMIN_GENERAL/data.sumstats.mungedNoMHC/DEPR05_noMHC.sumstats.gz
1177093 SNPs remain after merging /Users/jakz/Documents/local_db/JZ_GED_PHD_ADMIN_GENERAL/data.sumstats.mungedNoMHC/ANXI03_noMHC.sumstats.gz and /Users/jakz/Documents/local_db/JZ_GED_PHD_ADMIN_GENERAL/data.sumstats.mungedNoMHC/DEPR05_noMHC.sumstats.gz summary statistics
Results for genetic covariance between: /Users/jakz/Documents/local_db/JZ_GED_PHD_ADMIN_GENERAL/data.sumstats.mungedNoMHC/ANXI03_noMHC.sumstats.gz and /Users/jakz/Documents/local_db/JZ_GED_PHD_ADMIN_GENERAL/data.sumstats.mungedNoMHC/DEPR05_noMHC.sumstats.gz
Mean Z*Z: 0.0958
Cross trait Intercept: 0.0074 (0.005)
Total Observed Scale Genetic Covariance (g_cov): 0.0761 (0.007)
g_cov Z: 10.805223
g_cov P-value: 3.2517e-27
     
Calculating genetic covariance [10/28] for traits: /Users/jakz/Documents/local_db/JZ_GED_PHD_ADMIN_GENERAL/data.sumstats.mungedNoMHC/ANXI03_noMHC.sumstats.gz and /Users/jakz/Documents/local_db/JZ_GED_PHD_ADMIN_GENERAL/data.sumstats.mungedNoMHC/HEAL01_noMHC.sumstats.gz
1175220 SNPs remain after merging /Users/jakz/Documents/local_db/JZ_GED_PHD_ADMIN_GENERAL/data.sumstats.mungedNoMHC/ANXI03_noMHC.sumstats.gz and /Users/jakz/Documents/local_db/JZ_GED_PHD_ADMIN_GENERAL/data.sumstats.mungedNoMHC/HEAL01_noMHC.sumstats.gz summary statistics
Results for genetic covariance between: /Users/jakz/Documents/local_db/JZ_GED_PHD_ADMIN_GENERAL/data.sumstats.mungedNoMHC/ANXI03_noMHC.sumstats.gz and /Users/jakz/Documents/local_db/JZ_GED_PHD_ADMIN_GENERAL/data.sumstats.mungedNoMHC/HEAL01_noMHC.sumstats.gz
Mean Z*Z: -0.1259
Cross trait Intercept: -0.0454 (0.0056)
Total Observed Scale Genetic Covariance (g_cov): -0.0426 (0.0051)
g_cov Z: -8.3275623
g_cov P-value: 8.2524e-17
     
Calculating genetic covariance [11/28] for traits: /Users/jakz/Documents/local_db/JZ_GED_PHD_ADMIN_GENERAL/data.sumstats.mungedNoMHC/ANXI03_noMHC.sumstats.gz and /Users/jakz/Documents/local_db/JZ_GED_PHD_ADMIN_GENERAL/data.sumstats.mungedNoMHC/NEUR01_noMHC.sumstats.gz
1123213 SNPs remain after merging /Users/jakz/Documents/local_db/JZ_GED_PHD_ADMIN_GENERAL/data.sumstats.mungedNoMHC/ANXI03_noMHC.sumstats.gz and /Users/jakz/Documents/local_db/JZ_GED_PHD_ADMIN_GENERAL/data.sumstats.mungedNoMHC/NEUR01_noMHC.sumstats.gz summary statistics
Results for genetic covariance between: /Users/jakz/Documents/local_db/JZ_GED_PHD_ADMIN_GENERAL/data.sumstats.mungedNoMHC/ANXI03_noMHC.sumstats.gz and /Users/jakz/Documents/local_db/JZ_GED_PHD_ADMIN_GENERAL/data.sumstats.mungedNoMHC/NEUR01_noMHC.sumstats.gz
Mean Z*Z: 0.2476
Cross trait Intercept: 0.0686 (0.0066)
Total Observed Scale Genetic Covariance (g_cov): 0.0733 (0.0054)
g_cov Z: 13.611073
g_cov P-value: 3.4417e-42
     
Calculating genetic covariance [12/28] for traits: /Users/jakz/Documents/local_db/JZ_GED_PHD_ADMIN_GENERAL/data.sumstats.mungedNoMHC/ANXI03_noMHC.sumstats.gz and /Users/jakz/Documents/local_db/JZ_GED_PHD_ADMIN_GENERAL/data.sumstats.mungedNoMHC/SUBJ01_noMHC.sumstats.gz
1016545 SNPs remain after merging /Users/jakz/Documents/local_db/JZ_GED_PHD_ADMIN_GENERAL/data.sumstats.mungedNoMHC/ANXI03_noMHC.sumstats.gz and /Users/jakz/Documents/local_db/JZ_GED_PHD_ADMIN_GENERAL/data.sumstats.mungedNoMHC/SUBJ01_noMHC.sumstats.gz summary statistics
Results for genetic covariance between: /Users/jakz/Documents/local_db/JZ_GED_PHD_ADMIN_GENERAL/data.sumstats.mungedNoMHC/ANXI03_noMHC.sumstats.gz and /Users/jakz/Documents/local_db/JZ_GED_PHD_ADMIN_GENERAL/data.sumstats.mungedNoMHC/SUBJ01_noMHC.sumstats.gz
Mean Z*Z: -0.1163
Cross trait Intercept: -0.0201 (0.0053)
Total Observed Scale Genetic Covariance (g_cov): -0.0305 (0.0027)
g_cov Z: -11.304623
g_cov P-value: 1.2449e-29
     
Calculating genetic covariance [13/28] for traits: /Users/jakz/Documents/local_db/JZ_GED_PHD_ADMIN_GENERAL/data.sumstats.mungedNoMHC/ANXI03_noMHC.sumstats.gz and /Users/jakz/Documents/local_db/JZ_GED_PHD_ADMIN_GENERAL/data.sumstats.mungedNoMHC/TIRE01_noMHC.sumstats.gz
1175220 SNPs remain after merging /Users/jakz/Documents/local_db/JZ_GED_PHD_ADMIN_GENERAL/data.sumstats.mungedNoMHC/ANXI03_noMHC.sumstats.gz and /Users/jakz/Documents/local_db/JZ_GED_PHD_ADMIN_GENERAL/data.sumstats.mungedNoMHC/TIRE01_noMHC.sumstats.gz summary statistics
Results for genetic covariance between: /Users/jakz/Documents/local_db/JZ_GED_PHD_ADMIN_GENERAL/data.sumstats.mungedNoMHC/ANXI03_noMHC.sumstats.gz and /Users/jakz/Documents/local_db/JZ_GED_PHD_ADMIN_GENERAL/data.sumstats.mungedNoMHC/TIRE01_noMHC.sumstats.gz
Mean Z*Z: 0.1474
Cross trait Intercept: 0.0462 (0.0048)
Total Observed Scale Genetic Covariance (g_cov): 0.0536 (0.0044)
g_cov Z: 12.117133
g_cov P-value: 8.5703e-34
          
Estimating heritability [14/28] for: /Users/jakz/Documents/local_db/JZ_GED_PHD_ADMIN_GENERAL/data.sumstats.mungedNoMHC/DEPR05_noMHC.sumstats.gz
     
Please note that the results initially printed to the screen and log file reflect the NON-liability h2 and cov_g. However, a liability conversion is being used for trait /Users/jakz/Documents/local_db/JZ_GED_PHD_ADMIN_GENERAL/data.sumstats.mungedNoMHC/DEPR05_noMHC.sumstats.gz when creating the genetic covariance matrix used as input for Genomic SEM and liability scale results are printed at the end of the log file.
     
Heritability Results for trait: /Users/jakz/Documents/local_db/JZ_GED_PHD_ADMIN_GENERAL/data.sumstats.mungedNoMHC/DEPR05_noMHC.sumstats.gz
Mean Chi^2 across remaining SNPs: 1.0824
Lambda GC: 1.0863
Intercept: 0.9903 (0.007)
Ratio: -0.1174 (0.0847)
Total Observed Scale h2: 0.1085 (0.0138)
h2 Z: 7.8779253
     
Calculating genetic covariance [15/28] for traits: /Users/jakz/Documents/local_db/JZ_GED_PHD_ADMIN_GENERAL/data.sumstats.mungedNoMHC/DEPR05_noMHC.sumstats.gz and /Users/jakz/Documents/local_db/JZ_GED_PHD_ADMIN_GENERAL/data.sumstats.mungedNoMHC/HEAL01_noMHC.sumstats.gz
1176650 SNPs remain after merging /Users/jakz/Documents/local_db/JZ_GED_PHD_ADMIN_GENERAL/data.sumstats.mungedNoMHC/DEPR05_noMHC.sumstats.gz and /Users/jakz/Documents/local_db/JZ_GED_PHD_ADMIN_GENERAL/data.sumstats.mungedNoMHC/HEAL01_noMHC.sumstats.gz summary statistics
Results for genetic covariance between: /Users/jakz/Documents/local_db/JZ_GED_PHD_ADMIN_GENERAL/data.sumstats.mungedNoMHC/DEPR05_noMHC.sumstats.gz and /Users/jakz/Documents/local_db/JZ_GED_PHD_ADMIN_GENERAL/data.sumstats.mungedNoMHC/HEAL01_noMHC.sumstats.gz
Mean Z*Z: -0.0649
Cross trait Intercept: 0.0032 (0.0054)
Total Observed Scale Genetic Covariance (g_cov): -0.0501 (0.0076)
g_cov Z: -6.6214563
g_cov P-value: 3.5568e-11
     
Calculating genetic covariance [16/28] for traits: /Users/jakz/Documents/local_db/JZ_GED_PHD_ADMIN_GENERAL/data.sumstats.mungedNoMHC/DEPR05_noMHC.sumstats.gz and /Users/jakz/Documents/local_db/JZ_GED_PHD_ADMIN_GENERAL/data.sumstats.mungedNoMHC/NEUR01_noMHC.sumstats.gz
1123088 SNPs remain after merging /Users/jakz/Documents/local_db/JZ_GED_PHD_ADMIN_GENERAL/data.sumstats.mungedNoMHC/DEPR05_noMHC.sumstats.gz and /Users/jakz/Documents/local_db/JZ_GED_PHD_ADMIN_GENERAL/data.sumstats.mungedNoMHC/NEUR01_noMHC.sumstats.gz summary statistics
Results for genetic covariance between: /Users/jakz/Documents/local_db/JZ_GED_PHD_ADMIN_GENERAL/data.sumstats.mungedNoMHC/DEPR05_noMHC.sumstats.gz and /Users/jakz/Documents/local_db/JZ_GED_PHD_ADMIN_GENERAL/data.sumstats.mungedNoMHC/NEUR01_noMHC.sumstats.gz
Mean Z*Z: 0.1545
Cross trait Intercept: 0.0296 (0.0063)
Total Observed Scale Genetic Covariance (g_cov): 0.0718 (0.0072)
g_cov Z: 10.025973
g_cov P-value: 1.172e-23
     
Calculating genetic covariance [17/28] for traits: /Users/jakz/Documents/local_db/JZ_GED_PHD_ADMIN_GENERAL/data.sumstats.mungedNoMHC/DEPR05_noMHC.sumstats.gz and /Users/jakz/Documents/local_db/JZ_GED_PHD_ADMIN_GENERAL/data.sumstats.mungedNoMHC/SUBJ01_noMHC.sumstats.gz
1017676 SNPs remain after merging /Users/jakz/Documents/local_db/JZ_GED_PHD_ADMIN_GENERAL/data.sumstats.mungedNoMHC/DEPR05_noMHC.sumstats.gz and /Users/jakz/Documents/local_db/JZ_GED_PHD_ADMIN_GENERAL/data.sumstats.mungedNoMHC/SUBJ01_noMHC.sumstats.gz summary statistics
Results for genetic covariance between: /Users/jakz/Documents/local_db/JZ_GED_PHD_ADMIN_GENERAL/data.sumstats.mungedNoMHC/DEPR05_noMHC.sumstats.gz and /Users/jakz/Documents/local_db/JZ_GED_PHD_ADMIN_GENERAL/data.sumstats.mungedNoMHC/SUBJ01_noMHC.sumstats.gz
Mean Z*Z: -0.1148
Cross trait Intercept: -0.0328 (0.0051)
Total Observed Scale Genetic Covariance (g_cov): -0.0358 (0.0041)
g_cov Z: -8.8332813
g_cov P-value: 1.0165e-18
     
Calculating genetic covariance [18/28] for traits: /Users/jakz/Documents/local_db/JZ_GED_PHD_ADMIN_GENERAL/data.sumstats.mungedNoMHC/DEPR05_noMHC.sumstats.gz and /Users/jakz/Documents/local_db/JZ_GED_PHD_ADMIN_GENERAL/data.sumstats.mungedNoMHC/TIRE01_noMHC.sumstats.gz
1176651 SNPs remain after merging /Users/jakz/Documents/local_db/JZ_GED_PHD_ADMIN_GENERAL/data.sumstats.mungedNoMHC/DEPR05_noMHC.sumstats.gz and /Users/jakz/Documents/local_db/JZ_GED_PHD_ADMIN_GENERAL/data.sumstats.mungedNoMHC/TIRE01_noMHC.sumstats.gz summary statistics
Results for genetic covariance between: /Users/jakz/Documents/local_db/JZ_GED_PHD_ADMIN_GENERAL/data.sumstats.mungedNoMHC/DEPR05_noMHC.sumstats.gz and /Users/jakz/Documents/local_db/JZ_GED_PHD_ADMIN_GENERAL/data.sumstats.mungedNoMHC/TIRE01_noMHC.sumstats.gz
Mean Z*Z: 0.0708
Cross trait Intercept: 3e-04 (0.0046)
Total Observed Scale Genetic Covariance (g_cov): 0.0518 (0.006)
g_cov Z: 8.6002883
g_cov P-value: 7.9516e-18
          
Estimating heritability [19/28] for: /Users/jakz/Documents/local_db/JZ_GED_PHD_ADMIN_GENERAL/data.sumstats.mungedNoMHC/HEAL01_noMHC.sumstats.gz
Heritability Results for trait: /Users/jakz/Documents/local_db/JZ_GED_PHD_ADMIN_GENERAL/data.sumstats.mungedNoMHC/HEAL01_noMHC.sumstats.gz
Mean Chi^2 across remaining SNPs: 1.2249
Lambda GC: 1.1907
Intercept: 1.0118 (0.0072)
Ratio: 0.0526 (0.0322)
Total Observed Scale h2: 0.0976 (0.0057)
h2 Z: 17.04583
     
Calculating genetic covariance [20/28] for traits: /Users/jakz/Documents/local_db/JZ_GED_PHD_ADMIN_GENERAL/data.sumstats.mungedNoMHC/HEAL01_noMHC.sumstats.gz and /Users/jakz/Documents/local_db/JZ_GED_PHD_ADMIN_GENERAL/data.sumstats.mungedNoMHC/NEUR01_noMHC.sumstats.gz
1122673 SNPs remain after merging /Users/jakz/Documents/local_db/JZ_GED_PHD_ADMIN_GENERAL/data.sumstats.mungedNoMHC/HEAL01_noMHC.sumstats.gz and /Users/jakz/Documents/local_db/JZ_GED_PHD_ADMIN_GENERAL/data.sumstats.mungedNoMHC/NEUR01_noMHC.sumstats.gz summary statistics
Results for genetic covariance between: /Users/jakz/Documents/local_db/JZ_GED_PHD_ADMIN_GENERAL/data.sumstats.mungedNoMHC/HEAL01_noMHC.sumstats.gz and /Users/jakz/Documents/local_db/JZ_GED_PHD_ADMIN_GENERAL/data.sumstats.mungedNoMHC/NEUR01_noMHC.sumstats.gz
Mean Z*Z: -0.3213
Cross trait Intercept: -0.2319 (0.0079)
Total Observed Scale Genetic Covariance (g_cov): -0.0349 (0.0058)
g_cov Z: -6.0371733
g_cov P-value: 1.5684e-09
     
Calculating genetic covariance [21/28] for traits: /Users/jakz/Documents/local_db/JZ_GED_PHD_ADMIN_GENERAL/data.sumstats.mungedNoMHC/HEAL01_noMHC.sumstats.gz and /Users/jakz/Documents/local_db/JZ_GED_PHD_ADMIN_GENERAL/data.sumstats.mungedNoMHC/SUBJ01_noMHC.sumstats.gz
1014264 SNPs remain after merging /Users/jakz/Documents/local_db/JZ_GED_PHD_ADMIN_GENERAL/data.sumstats.mungedNoMHC/HEAL01_noMHC.sumstats.gz and /Users/jakz/Documents/local_db/JZ_GED_PHD_ADMIN_GENERAL/data.sumstats.mungedNoMHC/SUBJ01_noMHC.sumstats.gz summary statistics
Results for genetic covariance between: /Users/jakz/Documents/local_db/JZ_GED_PHD_ADMIN_GENERAL/data.sumstats.mungedNoMHC/HEAL01_noMHC.sumstats.gz and /Users/jakz/Documents/local_db/JZ_GED_PHD_ADMIN_GENERAL/data.sumstats.mungedNoMHC/SUBJ01_noMHC.sumstats.gz
Mean Z*Z: 0.1687
Cross trait Intercept: 0.0846 (0.0061)
Total Observed Scale Genetic Covariance (g_cov): 0.0236 (0.0026)
g_cov Z: 9.0334233
g_cov P-value: 1.6638e-19
     
Calculating genetic covariance [22/28] for traits: /Users/jakz/Documents/local_db/JZ_GED_PHD_ADMIN_GENERAL/data.sumstats.mungedNoMHC/HEAL01_noMHC.sumstats.gz and /Users/jakz/Documents/local_db/JZ_GED_PHD_ADMIN_GENERAL/data.sumstats.mungedNoMHC/TIRE01_noMHC.sumstats.gz
1179028 SNPs remain after merging /Users/jakz/Documents/local_db/JZ_GED_PHD_ADMIN_GENERAL/data.sumstats.mungedNoMHC/HEAL01_noMHC.sumstats.gz and /Users/jakz/Documents/local_db/JZ_GED_PHD_ADMIN_GENERAL/data.sumstats.mungedNoMHC/TIRE01_noMHC.sumstats.gz summary statistics
Results for genetic covariance between: /Users/jakz/Documents/local_db/JZ_GED_PHD_ADMIN_GENERAL/data.sumstats.mungedNoMHC/HEAL01_noMHC.sumstats.gz and /Users/jakz/Documents/local_db/JZ_GED_PHD_ADMIN_GENERAL/data.sumstats.mungedNoMHC/TIRE01_noMHC.sumstats.gz
Mean Z*Z: -0.5373
Cross trait Intercept: -0.4049 (0.0058)
Total Observed Scale Genetic Covariance (g_cov): -0.062 (0.0049)
g_cov Z: -12.778323
g_cov P-value: 2.1669e-37
          
Estimating heritability [23/28] for: /Users/jakz/Documents/local_db/JZ_GED_PHD_ADMIN_GENERAL/data.sumstats.mungedNoMHC/NEUR01_noMHC.sumstats.gz
Heritability Results for trait: /Users/jakz/Documents/local_db/JZ_GED_PHD_ADMIN_GENERAL/data.sumstats.mungedNoMHC/NEUR01_noMHC.sumstats.gz
Mean Chi^2 across remaining SNPs: 1.3067
Lambda GC: 1.2364
Intercept: 0.9903 (0.0118)
Ratio: -0.0317 (0.0384)
Total Observed Scale h2: 0.0889 (0.0075)
h2 Z: 11.876653
     
Calculating genetic covariance [24/28] for traits: /Users/jakz/Documents/local_db/JZ_GED_PHD_ADMIN_GENERAL/data.sumstats.mungedNoMHC/NEUR01_noMHC.sumstats.gz and /Users/jakz/Documents/local_db/JZ_GED_PHD_ADMIN_GENERAL/data.sumstats.mungedNoMHC/SUBJ01_noMHC.sumstats.gz
1015066 SNPs remain after merging /Users/jakz/Documents/local_db/JZ_GED_PHD_ADMIN_GENERAL/data.sumstats.mungedNoMHC/NEUR01_noMHC.sumstats.gz and /Users/jakz/Documents/local_db/JZ_GED_PHD_ADMIN_GENERAL/data.sumstats.mungedNoMHC/SUBJ01_noMHC.sumstats.gz summary statistics
Results for genetic covariance between: /Users/jakz/Documents/local_db/JZ_GED_PHD_ADMIN_GENERAL/data.sumstats.mungedNoMHC/NEUR01_noMHC.sumstats.gz and /Users/jakz/Documents/local_db/JZ_GED_PHD_ADMIN_GENERAL/data.sumstats.mungedNoMHC/SUBJ01_noMHC.sumstats.gz
Mean Z*Z: -0.3068
Cross trait Intercept: -0.1452 (0.0059)
Total Observed Scale Genetic Covariance (g_cov): -0.0352 (0.0024)
g_cov Z: -14.769883
g_cov P-value: 2.2913e-49
     
Calculating genetic covariance [25/28] for traits: /Users/jakz/Documents/local_db/JZ_GED_PHD_ADMIN_GENERAL/data.sumstats.mungedNoMHC/NEUR01_noMHC.sumstats.gz and /Users/jakz/Documents/local_db/JZ_GED_PHD_ADMIN_GENERAL/data.sumstats.mungedNoMHC/TIRE01_noMHC.sumstats.gz
1122673 SNPs remain after merging /Users/jakz/Documents/local_db/JZ_GED_PHD_ADMIN_GENERAL/data.sumstats.mungedNoMHC/NEUR01_noMHC.sumstats.gz and /Users/jakz/Documents/local_db/JZ_GED_PHD_ADMIN_GENERAL/data.sumstats.mungedNoMHC/TIRE01_noMHC.sumstats.gz summary statistics
Results for genetic covariance between: /Users/jakz/Documents/local_db/JZ_GED_PHD_ADMIN_GENERAL/data.sumstats.mungedNoMHC/NEUR01_noMHC.sumstats.gz and /Users/jakz/Documents/local_db/JZ_GED_PHD_ADMIN_GENERAL/data.sumstats.mungedNoMHC/TIRE01_noMHC.sumstats.gz
Mean Z*Z: 0.4318
Cross trait Intercept: 0.311 (0.006)
Total Observed Scale Genetic Covariance (g_cov): 0.0435 (0.0042)
g_cov Z: 10.453943
g_cov P-value: 1.4055e-25
          
Estimating heritability [26/28] for: /Users/jakz/Documents/local_db/JZ_GED_PHD_ADMIN_GENERAL/data.sumstats.mungedNoMHC/SUBJ01_noMHC.sumstats.gz
Heritability Results for trait: /Users/jakz/Documents/local_db/JZ_GED_PHD_ADMIN_GENERAL/data.sumstats.mungedNoMHC/SUBJ01_noMHC.sumstats.gz
Mean Chi^2 across remaining SNPs: 1.1518
Lambda GC: 1.13
Intercept: 1.0012 (0.0072)
Ratio: 0.0079 (0.0471)
Total Observed Scale h2: 0.0249 (0.002)
h2 Z: 12.33453
     
Calculating genetic covariance [27/28] for traits: /Users/jakz/Documents/local_db/JZ_GED_PHD_ADMIN_GENERAL/data.sumstats.mungedNoMHC/SUBJ01_noMHC.sumstats.gz and /Users/jakz/Documents/local_db/JZ_GED_PHD_ADMIN_GENERAL/data.sumstats.mungedNoMHC/TIRE01_noMHC.sumstats.gz
1014264 SNPs remain after merging /Users/jakz/Documents/local_db/JZ_GED_PHD_ADMIN_GENERAL/data.sumstats.mungedNoMHC/SUBJ01_noMHC.sumstats.gz and /Users/jakz/Documents/local_db/JZ_GED_PHD_ADMIN_GENERAL/data.sumstats.mungedNoMHC/TIRE01_noMHC.sumstats.gz summary statistics
Results for genetic covariance between: /Users/jakz/Documents/local_db/JZ_GED_PHD_ADMIN_GENERAL/data.sumstats.mungedNoMHC/SUBJ01_noMHC.sumstats.gz and /Users/jakz/Documents/local_db/JZ_GED_PHD_ADMIN_GENERAL/data.sumstats.mungedNoMHC/TIRE01_noMHC.sumstats.gz
Mean Z*Z: -0.1654
Cross trait Intercept: -0.081 (0.005)
Total Observed Scale Genetic Covariance (g_cov): -0.0232 (0.0023)
g_cov Z: -10.133
g_cov P-value: 4.0666e-24
          
Estimating heritability [28/28] for: /Users/jakz/Documents/local_db/JZ_GED_PHD_ADMIN_GENERAL/data.sumstats.mungedNoMHC/TIRE01_noMHC.sumstats.gz
Heritability Results for trait: /Users/jakz/Documents/local_db/JZ_GED_PHD_ADMIN_GENERAL/data.sumstats.mungedNoMHC/TIRE01_noMHC.sumstats.gz
Mean Chi^2 across remaining SNPs: 1.1382
Lambda GC: 1.1237
Intercept: 0.9943 (0.007)
Ratio: -0.041 (0.0505)
Total Observed Scale h2: 0.0671 (0.0059)
h2 Z: 11.464333
     
     
Liability Scale Results
     
Liability scale results for: ALCD
Total Liability Scale h2: 0.0936 (0.018)
Total Liability Scale Genetic Covariance between ALCD and ANXI: 0.06 (0.0106)
     
Total Liability Scale Genetic Covariance between ALCD and DEPR: 0.0642 (0.0144)
     
Total Liability Scale Genetic Covariance between ALCD and HEAL: -0.0512 (0.0081)
     
Total Liability Scale Genetic Covariance between ALCD and NEUR: 0.038 (0.0073)
     
Total Liability Scale Genetic Covariance between ALCD and SUBJ: -0.0217 (0.0041)
     
Total Liability Scale Genetic Covariance between ALCD and TIRE: 0.0402 (0.0068)
     
     
Liability scale results for: ANXI
Total Liability Scale h2: 0.1506 (0.0099)
Total Liability Scale Genetic Covariance between ANXI and DEPR: 0.1021 (0.0094)
     
Total Liability Scale Genetic Covariance between ANXI and HEAL: -0.0512 (0.0061)
     
Total Liability Scale Genetic Covariance between ANXI and NEUR: 0.088 (0.0065)
     
Total Liability Scale Genetic Covariance between ANXI and SUBJ: -0.0365 (0.0032)
     
Total Liability Scale Genetic Covariance between ANXI and TIRE: 0.0643 (0.0053)
     
     
Liability scale results for: DEPR
Total Liability Scale h2: 0.1356 (0.0172)
Total Liability Scale Genetic Covariance between DEPR and HEAL: -0.0561 (0.0085)
     
Total Liability Scale Genetic Covariance between DEPR and NEUR: 0.0803 (0.008)
     
Total Liability Scale Genetic Covariance between DEPR and SUBJ: -0.0401 (0.0045)
     
Total Liability Scale Genetic Covariance between DEPR and TIRE: 0.0579 (0.0067)
     
     
Liability scale results for: HEAL
Total Liability Scale h2: 0.0976 (0.0057)
Total Liability Scale Genetic Covariance between HEAL and NEUR: -0.0349 (0.0058)
     
Total Liability Scale Genetic Covariance between HEAL and SUBJ: 0.0236 (0.0026)
     
Total Liability Scale Genetic Covariance between HEAL and TIRE: -0.062 (0.0049)
     
     
Liability scale results for: NEUR
Total Liability Scale h2: 0.0889 (0.0075)
Total Liability Scale Genetic Covariance between NEUR and SUBJ: -0.0352 (0.0024)
     
Total Liability Scale Genetic Covariance between NEUR and TIRE: 0.0435 (0.0042)
     
     
Liability scale results for: SUBJ
Total Liability Scale h2: 0.0249 (0.002)
Total Liability Scale Genetic Covariance between SUBJ and TIRE: -0.0232 (0.0023)
     
     
Liability scale results for: TIRE
Total Liability Scale h2: 0.0671 (0.0059)
     
     
Genetic Correlation Results
Genetic Correlation between ALCD and ANXI: 0.5057 (0.0891)
     
Genetic Correlation between ALCD and DEPR: 0.5694 (0.1275)
     
Genetic Correlation between ALCD and HEAL: -0.536 (0.0843)
     
Genetic Correlation between ALCD and NEUR: 0.4162 (0.0797)
     
Genetic Correlation between ALCD and SUBJ: -0.4499 (0.0842)
     
Genetic Correlation between ALCD and TIRE: 0.5068 (0.0861)
     
Genetic Correlation between ANXI and DEPR: 0.7144 (0.0661)
     
Genetic Correlation between ANXI and HEAL: -0.4221 (0.0507)
     
Genetic Correlation between ANXI and NEUR: 0.7607 (0.0559)
     
Genetic Correlation between ANXI and SUBJ: -0.5966 (0.0528)
     
Genetic Correlation between ANXI and TIRE: 0.6397 (0.0528)
     
Genetic Correlation between DEPR and HEAL: -0.4873 (0.0736)
     
Genetic Correlation between DEPR and NEUR: 0.7312 (0.0729)
     
Genetic Correlation between DEPR and SUBJ: -0.6892 (0.078)
     
Genetic Correlation between DEPR and TIRE: 0.6069 (0.0706)
     
Genetic Correlation between HEAL and NEUR: -0.3745 (0.062)
     
Genetic Correlation between HEAL and SUBJ: 0.4779 (0.0529)
     
Genetic Correlation between HEAL and TIRE: -0.7663 (0.06)
     
Genetic Correlation between NEUR and SUBJ: -0.7481 (0.0507)
     
Genetic Correlation between NEUR and TIRE: 0.5635 (0.0539)
     
Genetic Correlation between SUBJ and TIRE: -0.567 (0.056)
     
     
LDSC finished running at 2021-03-15 11:42:00
Running LDSC for all files took 1 minutes and 50 seconds
     
