         used (Mb) gc trigger (Mb) limit (Mb) max used (Mb)
Ncells 273181 14.6     658131 35.2         NA   458641 24.5
Vcells 458813  3.6    8388608 64.0      16384  1801915 13.8
  code populationPrevalence                              referenceDOI
1 ANXI                0.160 https://doi.org/10.1017/S1121189X00001421
2 DEPR                0.150 https://doi.org/10.1038/s41588-018-0090-3
3 BIPO                0.007         https://doi.org/10.1111/bdi.12423
4 ALCD                0.159 https://doi.org/10.1001/archpsyc.64.7.830
    code n_total     pmid                             reference_doi
42  ALCD   46568 30482948 https://doi.org/10.1038/s41593-018-0275-1
76  ANXI   83566 31748690 https://doi.org/10.1038/s41380-019-0559-1
712 DEPR   42455 29700475 https://doi.org/10.1038/s41588-018-0090-3
352 HEAL  111483 27864402        https://doi.org/10.1093/ije/dyw219
464 NEUR  170911 27089181           https://doi.org/10.1038/ng.3552
557 SUBJ  298420 27089181           https://doi.org/10.1038/ng.3552
567 TIRE  108976 28322280         https://doi.org/10.1038/mp.2017.5
    samplePrevalence populationPrevalence
42         0.2484324                0.159
76         0.3045856                0.160
712        0.3962549                0.150
352               NA                   NA
464               NA                   NA
557               NA                   NA
567               NA                   NA
                                                                                                    mungedpath
42  /Users/jakz/Documents/local_db/JZ_GED_PHD_ADMIN_GENERAL/data.sumstats.mungedNoMHC/ALCD03_noMHC.sumstats.gz
76  /Users/jakz/Documents/local_db/JZ_GED_PHD_ADMIN_GENERAL/data.sumstats.mungedNoMHC/ANXI03_noMHC.sumstats.gz
712 /Users/jakz/Documents/local_db/JZ_GED_PHD_ADMIN_GENERAL/data.sumstats.mungedNoMHC/DEPR05_noMHC.sumstats.gz
352 /Users/jakz/Documents/local_db/JZ_GED_PHD_ADMIN_GENERAL/data.sumstats.mungedNoMHC/HEAL01_noMHC.sumstats.gz
464 /Users/jakz/Documents/local_db/JZ_GED_PHD_ADMIN_GENERAL/data.sumstats.mungedNoMHC/NEUR01_noMHC.sumstats.gz
557 /Users/jakz/Documents/local_db/JZ_GED_PHD_ADMIN_GENERAL/data.sumstats.mungedNoMHC/SUBJ01_noMHC.sumstats.gz
567 /Users/jakz/Documents/local_db/JZ_GED_PHD_ADMIN_GENERAL/data.sumstats.mungedNoMHC/TIRE01_noMHC.sumstats.gz
[1] "Running multivariate LD regression with HDL. This might take a while. If this runs for too long you may want to abort the process."
GenomicSEM multivariable HDL function, based on the original implmentation of HDL please cite: Ning, Pawitan & Shen, Nature Genetics (2020)